2023-01-17 08:54:39,186 [main] INFO 30JulyEcommerce - Open commerce URL
2023-01-17 08:54:39,460 [main] INFO 30JulyEcommerce - Enter user mailL
2023-01-17 08:58:38,882 [main] INFO 30JulyEcommerce - Open commerce URL
2023-01-17 08:58:42,186 [main] INFO 30JulyEcommerce - Enter user mailL
2023-01-17 08:59:51,752 [main] INFO 30JulyEcommerce - Open commerce URL
2023-01-17 08:59:55,045 [main] INFO 30JulyEcommerce - Enter user mailL
2023-01-17 08:59:58,168 [main] INFO 30JulyEcommerce - Enter User password
2023-01-17 09:00:01,892 [main] INFO 30JulyEcommerce - Clicked on longin button
2023-01-17 17:18:29,618 [main] INFO Output - Open URL
2023-01-17 17:18:32,988 [main] INFO Output - Enter user mailL
2023-01-17 17:18:36,078 [main] INFO Output - Enter User password
2023-01-17 17:18:39,171 [main] INFO Output - Clicked on longin button
2023-01-17 17:18:48,942 [main] INFO Output - Login successfully
2023-01-17 22:28:27,937 [main] INFO Output - Open URL
2023-01-17 22:28:31,253 [main] INFO Output - Enter user mailL
2023-01-17 22:28:34,388 [main] INFO Output - Enter User password
2023-01-17 22:28:37,464 [main] INFO Output - Clicked on longin button
2023-01-17 22:33:16,225 [main] INFO Output - Open URL
2023-01-17 22:33:19,407 [main] INFO Output - Enter user mailL
2023-01-17 22:33:22,520 [main] INFO Output - Enter User password
2023-01-17 22:36:38,835 [main] INFO Output - Open URL
2023-01-17 22:36:42,005 [main] INFO Output - Enter user mailL
2023-01-17 22:36:45,227 [main] INFO Output - Enter User password
2023-01-17 22:36:48,469 [main] INFO Output - Clicked on longin button
2023-01-17 22:37:00,898 [main] INFO Output - Login successfully
2023-01-18 14:45:31,674 [main] INFO Output - Open URL
2023-01-18 14:45:35,162 [main] INFO Output - Enter user mailL
2023-01-18 14:45:38,287 [main] INFO Output - Enter User password
2023-01-18 14:45:41,407 [main] INFO Output - Clicked on longin button
2023-01-18 14:51:19,565 [main] INFO Output - Open URL
2023-01-18 14:51:23,233 [main] INFO Output - Enter user mailL
2023-01-18 14:51:26,375 [main] INFO Output - Enter User password
2023-01-18 14:51:29,539 [main] INFO Output - Clicked on longin button
2023-01-18 15:45:36,069 [main] INFO Output - Open URL
2023-01-18 15:45:40,259 [main] INFO Output - Enter user mailL
2023-01-18 15:45:58,738 [main] INFO Output - Enter User password
2023-01-18 15:46:01,805 [main] INFO Output - Clicked on longin button
2023-01-18 15:59:15,980 [main] INFO Output - Open URL
2023-01-18 15:59:19,253 [main] INFO Output - Enter user mailL
2023-01-18 15:59:22,374 [main] INFO Output - Enter User password
2023-01-18 15:59:25,634 [main] INFO Output - Clicked on longin button
2023-01-18 16:08:35,990 [main] INFO Output - Open URL
2023-01-18 16:08:39,635 [main] INFO Output - Enter user mailL
2023-01-18 16:08:42,764 [main] INFO Output - Enter User password
2023-01-18 16:08:45,924 [main] INFO Output - Clicked on longin button
2023-01-18 16:20:42,368 [main] INFO Output - Open URL
2023-01-18 16:20:45,593 [main] INFO Output - Enter user mailL
2023-01-18 16:20:48,755 [main] INFO Output - Enter User password
2023-01-18 16:20:51,865 [main] INFO Output - Clicked on longin button
