2023-01-17 08:54:39,460 - 30JulyEcommerce -INFO - Enter user mailL
2023-01-17 08:58:38,882 - 30JulyEcommerce -INFO - Open commerce URL
2023-01-17 08:58:42,186 - 30JulyEcommerce -INFO - Enter user mailL
2023-01-17 08:59:51,752 - 30JulyEcommerce -INFO - Open commerce URL
2023-01-17 08:59:55,045 - 30JulyEcommerce -INFO - Enter user mailL
2023-01-17 08:59:58,168 - 30JulyEcommerce -INFO - Enter User password
2023-01-17 09:00:01,892 - 30JulyEcommerce -INFO - Clicked on longin button
2023-01-17 17:18:29,618 - Output -INFO - Open URL
2023-01-17 17:18:32,988 - Output -INFO - Enter user mailL
2023-01-17 17:18:36,078 - Output -INFO - Enter User password
2023-01-17 17:18:39,171 - Output -INFO - Clicked on longin button
2023-01-17 17:18:48,942 - Output -INFO - Login successfully
2023-01-17 22:28:27,937 - Output -INFO - Open URL
2023-01-17 22:28:31,253 - Output -INFO - Enter user mailL
2023-01-17 22:28:34,388 - Output -INFO - Enter User password
2023-01-17 22:28:37,464 - Output -INFO - Clicked on longin button
2023-01-17 22:33:16,225 - Output -INFO - Open URL
2023-01-17 22:33:19,407 - Output -INFO - Enter user mailL
2023-01-17 22:33:22,520 - Output -INFO - Enter User password
2023-01-17 22:36:38,835 - Output -INFO - Open URL
2023-01-17 22:36:42,005 - Output -INFO - Enter user mailL
2023-01-17 22:36:45,227 - Output -INFO - Enter User password
2023-01-17 22:36:48,469 - Output -INFO - Clicked on longin button
2023-01-17 22:37:00,898 - Output -INFO - Login successfully
2023-01-18 14:45:31,674 - Output -INFO - Open URL
2023-01-18 14:45:35,162 - Output -INFO - Enter user mailL
2023-01-18 14:45:38,287 - Output -INFO - Enter User password
2023-01-18 14:45:41,407 - Output -INFO - Clicked on longin button
2023-01-18 14:51:19,565 - Output -INFO - Open URL
2023-01-18 14:51:23,233 - Output -INFO - Enter user mailL
2023-01-18 14:51:26,375 - Output -INFO - Enter User password
2023-01-18 14:51:29,539 - Output -INFO - Clicked on longin button
2023-01-18 15:45:36,069 - Output -INFO - Open URL
2023-01-18 15:45:40,259 - Output -INFO - Enter user mailL
2023-01-18 15:45:58,738 - Output -INFO - Enter User password
2023-01-18 15:46:01,805 - Output -INFO - Clicked on longin button
2023-01-18 15:59:15,980 - Output -INFO - Open URL
2023-01-18 15:59:19,253 - Output -INFO - Enter user mailL
2023-01-18 15:59:22,374 - Output -INFO - Enter User password
2023-01-18 15:59:25,634 - Output -INFO - Clicked on longin button
2023-01-18 16:08:35,990 - Output -INFO - Open URL
2023-01-18 16:08:39,635 - Output -INFO - Enter user mailL
2023-01-18 16:08:42,764 - Output -INFO - Enter User password
2023-01-18 16:08:45,924 - Output -INFO - Clicked on longin button
2023-01-18 16:20:42,368 - Output -INFO - Open URL
2023-01-18 16:20:45,593 - Output -INFO - Enter user mailL
2023-01-18 16:20:48,755 - Output -INFO - Enter User password
2023-01-18 16:20:51,865 - Output -INFO - Clicked on longin button
